2026-03-25 20:34:59: [ai] HF 404: Not Found
2026-03-25 20:42:22: [ai] HF 404: Not Found
2026-03-25 20:44:30: [ai] HF 404: Not Found
2026-03-25 20:45:08: [ai] HF 404: Not Found
2026-03-26 01:24:24: [providers] column "channel" does not exist
2026-03-26 01:24:38: [providers] column "channel" does not exist
2026-03-26 01:54:31: [ai] HF 404: Not Found
2026-03-26 01:57:45: [billing/checkout] No such price: 'price_1TEfe9KLUAnhD5f0hR0VjMJW'; a similar object exists in live mode, but a test mode key was used to make this request.
2026-03-26 01:57:51: [billing/checkout] No such price: 'price_1TEfe9KLUAnhD5f0hR0VjMJW'; a similar object exists in live mode, but a test mode key was used to make this request.
2026-03-26 02:28:12: [providers] column "channel" does not exist
2026-03-26 02:29:17: [billing/checkout] No such price: 'price_1T3QB6KLUAnhD5f0ZH6qWluL'; a similar object exists in live mode, but a test mode key was used to make this request.
2026-03-26 02:37:38: [providers] column "channel" does not exist
2026-03-26 06:11:35: [providers] column "channel" does not exist
2026-03-26 06:15:08: [providers] column "channel" does not exist
2026-03-26 17:30:19: [providers] column "channel" does not exist
2026-03-26 18:27:40: [providers] column "channel" does not exist
2026-03-26 18:45:14: [providers] column "channel" does not exist
2026-03-26 18:51:50: [providers] column "channel" does not exist
2026-03-26 19:15:33: [providers] column "channel" does not exist
2026-03-26 19:18:42: [providers] column "channel" does not exist
2026-03-26 19:20:03: [providers] column "channel" does not exist
2026-03-26 19:21:00: [providers] column "channel" does not exist
2026-03-26 19:21:53: [providers] column "channel" does not exist
2026-03-26 19:22:54: [providers] column "chain" does not exist
2026-03-26 19:23:29: [providers] column "chain" does not exist
2026-03-26 19:24:00: [providers] column "chain" does not exist
Error: bind EADDRINUSE 127.0.0.1:4300
    at listenOnPrimaryHandle (node:net:1989:18)
    at rr (node:internal/cluster/child:163:12)
    at Worker.<anonymous> (node:internal/cluster/child:113:7)
    at process.onInternalMessage (node:internal/cluster/utils:49:5)
    at process.emit (node:events:536:35)
    at emit (node:internal/child_process:950:14)
    at process.processTicksAndRejections (node:internal/process/task_queues:83:21)
Error: bind EADDRINUSE 127.0.0.1:4300
    at listenOnPrimaryHandle (node:net:1989:18)
    at rr (node:internal/cluster/child:163:12)
    at Worker.<anonymous> (node:internal/cluster/child:113:7)
    at process.onInternalMessage (node:internal/cluster/utils:49:5)
    at process.emit (node:events:536:35)
    at emit (node:internal/child_process:950:14)
    at process.processTicksAndRejections (node:internal/process/task_queues:83:21)
Error: bind EADDRINUSE 127.0.0.1:4300
    at listenOnPrimaryHandle (node:net:1989:18)
    at rr (node:internal/cluster/child:163:12)
    at Worker.<anonymous> (node:internal/cluster/child:113:7)
    at process.onInternalMessage (node:internal/cluster/utils:49:5)
    at process.emit (node:events:536:35)
    at emit (node:internal/child_process:950:14)
    at process.processTicksAndRejections (node:internal/process/task_queues:83:21)
Error: bind EADDRINUSE 127.0.0.1:4300
    at listenOnPrimaryHandle (node:net:1989:18)
    at rr (node:internal/cluster/child:163:12)
    at Worker.<anonymous> (node:internal/cluster/child:113:7)
    at process.onInternalMessage (node:internal/cluster/utils:49:5)
    at process.emit (node:events:536:35)
    at emit (node:internal/child_process:950:14)
    at process.processTicksAndRejections (node:internal/process/task_queues:83:21)
Error: bind EADDRINUSE 127.0.0.1:4300
    at listenOnPrimaryHandle (node:net:1989:18)
    at rr (node:internal/cluster/child:163:12)
    at Worker.<anonymous> (node:internal/cluster/child:113:7)
    at process.onInternalMessage (node:internal/cluster/utils:49:5)
    at process.emit (node:events:536:35)
    at emit (node:internal/child_process:950:14)
    at process.processTicksAndRejections (node:internal/process/task_queues:83:21)
Error: bind EADDRINUSE 127.0.0.1:4300
    at listenOnPrimaryHandle (node:net:1989:18)
    at rr (node:internal/cluster/child:163:12)
    at Worker.<anonymous> (node:internal/cluster/child:113:7)
    at process.onInternalMessage (node:internal/cluster/utils:49:5)
    at process.emit (node:events:536:35)
    at emit (node:internal/child_process:950:14)
    at process.processTicksAndRejections (node:internal/process/task_queues:83:21)
Error: bind EADDRINUSE 127.0.0.1:4300
    at listenOnPrimaryHandle (node:net:1989:18)
    at rr (node:internal/cluster/child:163:12)
    at Worker.<anonymous> (node:internal/cluster/child:113:7)
    at process.onInternalMessage (node:internal/cluster/utils:49:5)
    at process.emit (node:events:536:35)
    at emit (node:internal/child_process:950:14)
    at process.processTicksAndRejections (node:internal/process/task_queues:83:21)
Error: bind EADDRINUSE 127.0.0.1:4300
    at listenOnPrimaryHandle (node:net:1989:18)
    at rr (node:internal/cluster/child:163:12)
    at Worker.<anonymous> (node:internal/cluster/child:113:7)
    at process.onInternalMessage (node:internal/cluster/utils:49:5)
    at process.emit (node:events:536:35)
    at emit (node:internal/child_process:950:14)
    at process.processTicksAndRejections (node:internal/process/task_queues:83:21)
Error: bind EADDRINUSE 127.0.0.1:4300
    at listenOnPrimaryHandle (node:net:1989:18)
    at rr (node:internal/cluster/child:163:12)
    at Worker.<anonymous> (node:internal/cluster/child:113:7)
    at process.onInternalMessage (node:internal/cluster/utils:49:5)
    at process.emit (node:events:536:35)
    at emit (node:internal/child_process:950:14)
    at process.processTicksAndRejections (node:internal/process/task_queues:83:21)
Error: bind EADDRINUSE 127.0.0.1:4300
    at listenOnPrimaryHandle (node:net:1989:18)
    at rr (node:internal/cluster/child:163:12)
    at Worker.<anonymous> (node:internal/cluster/child:113:7)
    at process.onInternalMessage (node:internal/cluster/utils:49:5)
    at process.emit (node:events:536:35)
    at emit (node:internal/child_process:950:14)
    at process.processTicksAndRejections (node:internal/process/task_queues:83:21)
Error: bind EADDRINUSE 127.0.0.1:4300
    at listenOnPrimaryHandle (node:net:1989:18)
    at rr (node:internal/cluster/child:163:12)
    at Worker.<anonymous> (node:internal/cluster/child:113:7)
    at process.onInternalMessage (node:internal/cluster/utils:49:5)
    at process.emit (node:events:536:35)
    at emit (node:internal/child_process:950:14)
    at process.processTicksAndRejections (node:internal/process/task_queues:83:21)
Error: bind EADDRINUSE 127.0.0.1:4300
    at listenOnPrimaryHandle (node:net:1989:18)
    at rr (node:internal/cluster/child:163:12)
    at Worker.<anonymous> (node:internal/cluster/child:113:7)
    at process.onInternalMessage (node:internal/cluster/utils:49:5)
    at process.emit (node:events:536:35)
    at emit (node:internal/child_process:950:14)
    at process.processTicksAndRejections (node:internal/process/task_queues:83:21)
Error: bind EADDRINUSE 127.0.0.1:4300
    at listenOnPrimaryHandle (node:net:1989:18)
    at rr (node:internal/cluster/child:163:12)
    at Worker.<anonymous> (node:internal/cluster/child:113:7)
    at process.onInternalMessage (node:internal/cluster/utils:49:5)
    at process.emit (node:events:536:35)
    at emit (node:internal/child_process:950:14)
    at process.processTicksAndRejections (node:internal/process/task_queues:83:21)
Error: bind EADDRINUSE 127.0.0.1:4300
    at listenOnPrimaryHandle (node:net:1989:18)
    at rr (node:internal/cluster/child:163:12)
    at Worker.<anonymous> (node:internal/cluster/child:113:7)
    at process.onInternalMessage (node:internal/cluster/utils:49:5)
    at process.emit (node:events:536:35)
    at emit (node:internal/child_process:950:14)
    at process.processTicksAndRejections (node:internal/process/task_queues:83:21)
Error: bind EADDRINUSE 127.0.0.1:4300
    at listenOnPrimaryHandle (node:net:1989:18)
    at rr (node:internal/cluster/child:163:12)
    at Worker.<anonymous> (node:internal/cluster/child:113:7)
    at process.onInternalMessage (node:internal/cluster/utils:49:5)
    at process.emit (node:events:536:35)
    at emit (node:internal/child_process:950:14)
    at process.processTicksAndRejections (node:internal/process/task_queues:83:21)
Error: bind EADDRINUSE 127.0.0.1:4300
    at listenOnPrimaryHandle (node:net:1989:18)
    at rr (node:internal/cluster/child:163:12)
    at Worker.<anonymous> (node:internal/cluster/child:113:7)
    at process.onInternalMessage (node:internal/cluster/utils:49:5)
    at process.emit (node:events:536:35)
    at emit (node:internal/child_process:950:14)
    at process.processTicksAndRejections (node:internal/process/task_queues:83:21)
2026-03-26 19:30:27: [providers] column "channel" does not exist
2026-03-26 19:30:34: [providers] column "channel" does not exist
2026-03-26 22:51:24: [ai] HF 404: Not Found
2026-03-26 23:12:44: [ai] HF 404: Not Found
2026-03-27 17:07:54: [billing/checkout] No such price: 'price_1T3QB6KLUAnhD5f0ZH6qWluL'; a similar object exists in live mode, but a test mode key was used to make this request.
2026-03-27 18:24:07: [billing/checkout] No such price: 'price_1T3QB6KLUAnhD5f0ZH6qWluL'; a similar object exists in live mode, but a test mode key was used to make this request.
2026-03-27 18:51:44: [billing/checkout] No such price: 'price_1TFf76Ky8M3N8YLpYKcDnfdq'
2026-03-27 18:51:51: [billing/checkout] No such price: 'price_1TFf76Ky8M3N8YLpYKcDnfdq'
2026-03-27 18:56:17: [billing/checkout] No such customer: 'cus_UE5s075rKlIphO'
2026-03-27 18:56:23: [billing/checkout] No such customer: 'cus_UE5s075rKlIphO'
2026-03-27 18:56:40: [billing/checkout] No such customer: 'cus_UE5s075rKlIphO'
2026-04-02 04:58:30: [billing/consent] persist error: permission denied for sequence consent_log_id_seq
2026-04-02 04:58:30: [txlog] MONGO_TRANSACTIONS_URI not set — MongoDB logging disabled
2026-04-02 04:58:30: [txlog] DO_SPACES_KEY/SECRET not set — Spaces archival disabled
2026-04-02 20:35:08: [txlog] MONGO_TRANSACTIONS_URI not set — MongoDB logging disabled
2026-04-02 20:35:08: [txlog] DO_SPACES_KEY/SECRET not set — Spaces archival disabled
2026-04-02 21:14:05: [equity-curve] Binance failed: HTTP 451 from https://api.binance.com/api/v3/klines?symbol=BTCUSDT&interval=1d&limit=13 — falling back to Kraken
2026-04-02 23:14:02: [equity-curve] Binance failed: HTTP 451 from https://api.binance.com/api/v3/klines?symbol=ETHUSDT&interval=1d&limit=13 — falling back to Kraken
2026-04-03 01:10:39: [equity-curve] Binance failed: HTTP 451 from https://api.binance.com/api/v3/klines?symbol=ETHUSDT&interval=1d&limit=13 — falling back to Kraken
2026-04-03 05:08:45: [equity-curve] Binance failed: HTTP 451 from https://api.binance.com/api/v3/klines?symbol=ETHUSDT&interval=1d&limit=18 — falling back to Kraken
2026-04-03 05:18:02: [equity-curve] Binance failed: HTTP 451 from https://api.binance.com/api/v3/klines?symbol=ETHUSDT&interval=1d&limit=18 — falling back to Kraken
2026-04-03 05:31:00: [equity-curve] Binance failed: HTTP 451 from https://api.binance.com/api/v3/klines?symbol=BTCUSDT&interval=1d&limit=18 — falling back to Kraken
2026-04-03 06:39:17: [equity-curve] Binance failed: HTTP 451 from https://api.binance.com/api/v3/klines?symbol=ETHUSDT&interval=1d&limit=18 — falling back to Kraken
2026-04-03 17:25:09: [equity-curve] Binance failed: HTTP 451 from https://api.binance.com/api/v3/klines?symbol=BTCUSDT&interval=1d&limit=18 — falling back to Kraken
2026-04-03 20:28:34: [equity-curve] Binance failed: HTTP 451 from https://api.binance.com/api/v3/klines?symbol=ETHUSDT&interval=1d&limit=18 — falling back to Kraken
2026-04-03 20:40:39: [equity-curve] Binance failed: HTTP 451 from https://api.binance.com/api/v3/klines?symbol=BTCUSDT&interval=1d&limit=18 — falling back to Kraken
2026-04-03 23:15:40: [equity-curve] Binance failed: HTTP 451 from https://api.binance.com/api/v3/klines?symbol=BTCUSDT&interval=1d&limit=18 — falling back to Kraken
2026-04-04 00:18:23: [equity-curve] Binance failed: HTTP 451 from https://api.binance.com/api/v3/klines?symbol=BTCUSDT&interval=1d&limit=18 — falling back to Kraken
2026-04-04 20:27:32: [txlog] MONGO_TRANSACTIONS_URI not set — MongoDB logging disabled
2026-04-04 20:27:32: [txlog] DO_SPACES_KEY/SECRET not set — Spaces archival disabled
2026-04-04 20:27:32: [billing/tg] no telegram linked for bot_user 1 — skipping confirmation
2026-04-04 23:12:32: [equity-curve] Binance failed: HTTP 451 from https://api.binance.com/api/v3/klines?symbol=BTCUSDT&interval=1d&limit=18 — falling back to Kraken
2026-04-05 05:56:55: [equity-curve] Binance failed: HTTP 451 from https://api.binance.com/api/v3/klines?symbol=BTCUSDT&interval=1d&limit=18 — falling back to Kraken
2026-04-05 06:21:35: [equity-curve] Binance failed: HTTP 451 from https://api.binance.com/api/v3/klines?symbol=BTCUSDT&interval=1d&limit=18 — falling back to Kraken
2026-04-05 11:17:57: [txlog] MONGO_TRANSACTIONS_URI not set — MongoDB logging disabled
2026-04-05 11:17:57: [txlog] DO_SPACES_KEY/SECRET not set — Spaces archival disabled
2026-04-05 11:41:05: [equity-curve] Binance failed: HTTP 451 from https://api.binance.com/api/v3/klines?symbol=BTCUSDT&interval=1d&limit=18 — falling back to Kraken
2026-04-06 04:51:08: [equity-curve] Binance failed: HTTP 451 from https://api.binance.com/api/v3/klines?symbol=BTCUSDT&interval=1d&limit=18 — falling back to Kraken
2026-04-06 05:02:16: [equity-curve] Binance failed: HTTP 451 from https://api.binance.com/api/v3/klines?symbol=ETHUSDT&interval=1d&limit=18 — falling back to Kraken
2026-04-07 05:51:06: [equity-curve] Binance failed: HTTP 451 from https://api.binance.com/api/v3/klines?symbol=BTCUSDT&interval=1d&limit=18 — falling back to Kraken
2026-04-07 06:21:39: [equity-curve] Binance failed: HTTP 451 from https://api.binance.com/api/v3/klines?symbol=BTCUSDT&interval=1d&limit=18 — falling back to Kraken
2026-04-07 09:27:17: [equity-curve] Binance failed: HTTP 451 from https://api.binance.com/api/v3/klines?symbol=ETHUSDT&interval=1d&limit=18 — falling back to Kraken
2026-04-07 09:32:18: [equity-curve] Binance failed: HTTP 451 from https://api.binance.com/api/v3/klines?symbol=BTCUSDT&interval=1d&limit=18 — falling back to Kraken
2026-04-07 17:43:28: [equity-curve] Binance failed: HTTP 451 from https://api.binance.com/api/v3/klines?symbol=BTCUSDT&interval=1d&limit=18 — falling back to Kraken
2026-04-07 18:06:19: [equity-curve] Binance failed: HTTP 451 from https://api.binance.com/api/v3/klines?symbol=ETHUSDT&interval=1d&limit=18 — falling back to Kraken
2026-04-07 18:40:59: [equity-curve] Binance failed: HTTP 451 from https://api.binance.com/api/v3/klines?symbol=BTCUSDT&interval=1d&limit=18 — falling back to Kraken
2026-04-08 03:50:59: [equity-curve] Binance failed: HTTP 451 from https://api.binance.com/api/v3/klines?symbol=BTCUSDT&interval=1d&limit=18 — falling back to Kraken
2026-04-08 13:26:41: [equity-curve] Binance failed: HTTP 451 from https://api.binance.com/api/v3/klines?symbol=BTCUSDT&interval=1d&limit=18 — falling back to Kraken
2026-04-08 14:01:14: [equity-curve] Binance failed: HTTP 451 from https://api.binance.com/api/v3/klines?symbol=ETHUSDT&interval=1d&limit=18 — falling back to Kraken
2026-04-09 01:37:22: [equity-curve] Binance failed: HTTP 451 from https://api.binance.com/api/v3/klines?symbol=BTCUSDT&interval=1d&limit=18 — falling back to Kraken
2026-04-10 06:45:50: [billing/checkout] Stripe: Argument "subscription_exposed_id" must be a string, but got: null (on API request to `GET /v1/subscriptions/{subscription_exposed_id}`)
2026-04-10 06:46:02: [billing/checkout] Stripe: Argument "subscription_exposed_id" must be a string, but got: null (on API request to `GET /v1/subscriptions/{subscription_exposed_id}`)
2026-04-10 21:21:13: [txlog] MONGO_TRANSACTIONS_URI not set — MongoDB logging disabled
2026-04-10 21:21:13: [txlog] DO_SPACES_KEY/SECRET not set — Spaces archival disabled
2026-04-10 21:22:16: [equity-curve] Binance failed: HTTP 451 from https://api.binance.com/api/v3/klines?symbol=ETHUSDT&interval=1d&limit=18 — falling back to Kraken
