2026-03-25 20:34:59: POST /submit → 201 (206ms)
2026-03-25 20:41:24: [db] connected — Wed Mar 25 2026 20:41:24 GMT+0000 (Coordinated Universal Time)
2026-03-25 20:41:24: [api] agoraiq-signals-api v3.0.0 on 127.0.0.1:4300
2026-03-25 20:41:24: [api] routes: /auth, /signals, /providers, /scanner, /proof, /billing, /telegram, /ai
2026-03-25 20:42:18: POST /telegram-auth → 200 (30ms)
2026-03-25 20:42:22: POST /submit → 201 (248ms)
2026-03-25 20:42:55: GET / → 200 (7ms)
2026-03-25 20:44:30: POST /submit → 201 (236ms)
2026-03-25 20:45:08: POST /submit → 201 (156ms)
2026-03-25 20:56:50: GET /top → 304 (107ms)
2026-03-25 20:56:55: GET /momentum → 304 (0ms)
2026-03-25 20:56:57: GET /volume → 200 (1ms)
2026-03-25 20:56:58: GET /funding → 200 (143ms)
2026-03-25 20:57:00: GET /oi → 200 (1ms)
2026-03-26 01:24:10: GET / → 200 (7ms)
2026-03-26 01:24:24: GET / → 500 (5ms)
2026-03-26 01:24:32: GET /recent → 200 (5ms)
2026-03-26 01:24:32: GET /stats → 304 (6ms)
2026-03-26 01:24:35: GET /top → 304 (199ms)
2026-03-26 01:24:38: GET / → 500 (1ms)
2026-03-26 01:24:39: GET /status → 304 (6ms)
2026-03-26 01:25:30: GET /user/stats → 200 (8ms)
2026-03-26 01:25:30: GET /user → 200 (6ms)
2026-03-26 01:25:51: GET / → 304 (2ms)
2026-03-26 01:28:40: GET / → 304 (6ms)
2026-03-26 01:29:17: GET / → 200 (5ms)
2026-03-26 01:29:49: GET / → 304 (4ms)
2026-03-26 01:54:07: [db] connected — Thu Mar 26 2026 01:54:07 GMT+0000 (Coordinated Universal Time)
2026-03-26 01:54:07: [api] agoraiq-signals-api v3.0.0 on 127.0.0.1:4300
2026-03-26 01:54:07: [api] routes: /auth, /signals, /providers, /scanner, /proof, /billing, /telegram, /ai
2026-03-26 01:54:25: POST /telegram-auth → 200 (26ms)
2026-03-26 01:54:31: POST /submit → 201 (287ms)
2026-03-26 01:56:02: GET /recent → 200 (7ms)
2026-03-26 01:56:02: GET /stats → 200 (7ms)
2026-03-26 01:56:18: GET / → 200 (2ms)
2026-03-26 01:56:48: GET /top → 200 (2544ms)
2026-03-26 01:56:55: GET /momentum → 200 (1ms)
2026-03-26 01:56:57: GET /volume → 200 (1ms)
2026-03-26 01:56:59: GET /oi → 200 (6ms)
2026-03-26 01:57:04: GET /funding → 304 (139ms)
2026-03-26 01:57:07: GET /top → 304 (1ms)
2026-03-26 01:57:12: GET /user/stats → 200 (5ms)
2026-03-26 01:57:12: GET /user → 200 (6ms)
2026-03-26 01:57:24: GET /status → 304 (1ms)
2026-03-26 01:57:45: POST /checkout → 500 (628ms)
2026-03-26 01:57:51: POST /checkout → 500 (169ms)
2026-03-26 01:58:12: GET / → 304 (2ms)
2026-03-26 02:24:36: POST /telegram-auth → 200 (6ms)
2026-03-26 02:24:36: GET / → 200 (1ms)
2026-03-26 02:24:45: GET / → 200 (2ms)
2026-03-26 02:24:57: GET /overview → 200 (2683ms)
2026-03-26 02:26:24: GET /me → 200 (6ms)
2026-03-26 02:27:22: GET / → 200 (5ms)
2026-03-26 02:27:30: GET / → 200 (2ms)
2026-03-26 02:27:46: GET / → 304 (1ms)
2026-03-26 02:27:49: GET /top → 200 (1ms)
2026-03-26 02:27:57: GET /momentum → 200 (1ms)
2026-03-26 02:28:04: GET /volume → 200 (1ms)
2026-03-26 02:28:06: GET /oi → 200 (1ms)
2026-03-26 02:28:09: GET /funding → 304 (157ms)
2026-03-26 02:28:10: GET /top → 304 (1ms)
2026-03-26 02:28:12: GET / → 500 (5ms)
2026-03-26 02:29:07: GET / → 304 (5ms)
2026-03-26 02:29:12: GET /status → 304 (2ms)
2026-03-26 02:29:17: POST /checkout → 500 (291ms)
2026-03-26 02:29:24: POST /portal → 200 (240ms)
2026-03-26 02:35:42: POST /telegram-auth → 200 (6ms)
2026-03-26 02:35:53: GET /stats → 200 (2ms)
2026-03-26 02:36:05: GET /momentum → 200 (2573ms)
2026-03-26 02:37:00: GET /history → 200 (5ms)
2026-03-26 02:37:38: GET / → 500 (7ms)
2026-03-26 04:57:30: GET / → 200 (5ms)
2026-03-26 04:57:41: GET / → 200 (1ms)
2026-03-26 04:57:47: GET /top → 200 (2510ms)
2026-03-26 04:57:48: GET /top → 200 (2503ms)
2026-03-26 04:58:03: GET /momentum → 200 (1ms)
2026-03-26 04:58:12: GET /oi → 200 (5ms)
2026-03-26 04:58:14: GET /funding → 200 (157ms)
2026-03-26 04:58:17: GET /top → 200 (1ms)
2026-03-26 05:47:30: GET /token-login → 200 (7ms)
2026-03-26 05:47:30: GET / → 200 (2ms)
2026-03-26 05:47:53: GET /top → 200 (2718ms)
2026-03-26 05:47:54: GET /oi → 200 (1ms)
2026-03-26 05:47:56: GET /volume → 200 (1ms)
2026-03-26 05:47:57: GET /momentum → 200 (1ms)
2026-03-26 05:51:15: GET / → 200 (6ms)
2026-03-26 05:51:25: GET / → 304 (2ms)
2026-03-26 06:11:00: GET / → 200 (6ms)
2026-03-26 06:11:30: GET / → 304 (1ms)
2026-03-26 06:11:34: GET /top → 200 (2546ms)
2026-03-26 06:11:35: GET / → 500 (5ms)
2026-03-26 06:11:45: GET /status → 200 (5ms)
2026-03-26 06:14:06: GET /user → 200 (5ms)
2026-03-26 06:14:06: GET /user/stats → 200 (8ms)
2026-03-26 06:15:08: GET / → 500 (7ms)
2026-03-26 06:18:15: POST /telegram-auth → 200 (6ms)
2026-03-26 06:18:18: GET /breakouts → 200 (2591ms)
2026-03-26 06:18:27: GET /overview → 200 (1ms)
2026-03-26 06:18:34: GET /recent → 200 (2ms)
2026-03-26 17:17:05: GET / → 200 (6ms)
2026-03-26 17:17:09: GET / → 200 (0ms)
2026-03-26 17:18:04: GET /token-login → 200 (7ms)
2026-03-26 17:18:04: GET / → 200 (1ms)
2026-03-26 17:20:25: GET / → 200 (6ms)
2026-03-26 17:24:17: GET / → 304 (6ms)
2026-03-26 17:30:19: GET / → 500 (8ms)
2026-03-26 17:30:23: GET / → 200 (7ms)
2026-03-26 17:30:29: GET /top → 200 (2518ms)
2026-03-26 17:30:38: GET /user/stats → 200 (3ms)
2026-03-26 17:30:38: GET /user → 200 (1ms)
2026-03-26 17:31:07: GET / → 304 (2ms)
2026-03-26 17:31:14: GET / → 304 (1ms)
2026-03-26 17:31:25: GET / → 304 (1ms)
2026-03-26 17:31:28: GET / → 304 (2ms)
2026-03-26 17:40:35: GET / → 200 (7ms)
2026-03-26 17:42:55: GET / → 200 (5ms)
2026-03-26 17:47:01: GET / → 200 (6ms)
2026-03-26 18:00:21: GET / → 200 (6ms)
2026-03-26 18:00:33: GET / → 200 (2ms)
2026-03-26 18:00:39: GET / → 200 (1ms)
2026-03-26 18:00:51: GET / → 304 (1ms)
2026-03-26 18:01:42: GET / → 200 (6ms)
2026-03-26 18:02:10: GET / → 200 (1ms)
2026-03-26 18:02:19: GET / → 304 (2ms)
2026-03-26 18:02:24: GET / → 304 (2ms)
2026-03-26 18:02:32: GET / → 304 (2ms)
2026-03-26 18:11:50: GET / → 200 (6ms)
2026-03-26 18:13:47: GET / → 200 (6ms)
2026-03-26 18:13:50: GET / → 304 (1ms)
2026-03-26 18:13:54: GET / → 304 (2ms)
2026-03-26 18:14:17: GET / → 304 (2ms)
2026-03-26 18:20:01: GET / → 200 (6ms)
2026-03-26 18:20:09: GET / → 200 (1ms)
2026-03-26 18:20:13: GET / → 304 (2ms)
2026-03-26 18:20:42: GET / → 200 (1ms)
2026-03-26 18:22:47: GET / → 304 (6ms)
2026-03-26 18:22:49: GET / → 200 (2ms)
2026-03-26 18:24:15: GET / → 304 (6ms)
2026-03-26 18:24:18: GET / → 304 (2ms)
2026-03-26 18:24:20: GET / → 304 (2ms)
2026-03-26 18:25:18: GET / → 200 (7ms)
2026-03-26 18:27:05: GET /status → 200 (6ms)
2026-03-26 18:27:05: GET /top → 200 (2501ms)
2026-03-26 18:27:07: GET / → 304 (3ms)
2026-03-26 18:27:30: GET /recent → 200 (1ms)
2026-03-26 18:27:30: GET /stats → 200 (5ms)
2026-03-26 18:27:40: GET / → 500 (1ms)
2026-03-26 18:27:43: GET /status → 304 (4ms)
2026-03-26 18:34:12: GET / → 200 (6ms)
2026-03-26 18:34:18: GET /top → 200 (1ms)
2026-03-26 18:34:22: GET /user/stats → 200 (4ms)
2026-03-26 18:34:22: GET /user → 200 (6ms)
2026-03-26 18:39:15: GET / → 200 (6ms)
2026-03-26 18:39:17: GET /user → 304 (2ms)
2026-03-26 18:39:17: GET /user/stats → 304 (3ms)
2026-03-26 18:40:37: GET / → 200 (5ms)
2026-03-26 18:40:39: GET / → 304 (2ms)
2026-03-26 18:42:54: GET / → 200 (6ms)
2026-03-26 18:43:11: GET /top → 200 (2598ms)
2026-03-26 18:44:54: GET / → 304 (6ms)
2026-03-26 18:44:56: GET /top → 304 (1ms)
2026-03-26 18:44:59: GET /user/stats → 304 (4ms)
2026-03-26 18:44:59: GET /user → 304 (5ms)
2026-03-26 18:45:01: GET /top → 304 (1ms)
2026-03-26 18:45:05: GET /stats → 200 (1ms)
2026-03-26 18:45:05: GET /recent → 200 (2ms)
2026-03-26 18:45:14: GET / → 500 (2ms)
2026-03-26 18:51:50: GET / → 500 (8ms)
2026-03-26 19:15:33: GET / → 500 (7ms)
2026-03-26 19:18:40: [db] connected — Thu Mar 26 2026 19:18:40 GMT+0000 (Coordinated Universal Time)
2026-03-26 19:18:40: [api] agoraiq-signals-api v3.0.0 on 127.0.0.1:4300
2026-03-26 19:18:40: [api] routes: /auth, /signals, /providers, /scanner, /proof, /billing, /telegram, /ai
2026-03-26 19:18:42: GET / → 500 (8ms)
2026-03-26 19:20:01: [db] connected — Thu Mar 26 2026 19:20:01 GMT+0000 (Coordinated Universal Time)
2026-03-26 19:20:01: [api] agoraiq-signals-api v3.0.0 on 127.0.0.1:4300
2026-03-26 19:20:01: [api] routes: /auth, /signals, /providers, /scanner, /proof, /billing, /telegram, /ai
2026-03-26 19:20:03: GET / → 500 (7ms)
2026-03-26 19:21:00: GET / → 500 (9ms)
2026-03-26 19:21:51: [db] connected — Thu Mar 26 2026 19:21:51 GMT+0000 (Coordinated Universal Time)
2026-03-26 19:21:51: [api] agoraiq-signals-api v3.0.0 on 127.0.0.1:4300
2026-03-26 19:21:51: [api] routes: /auth, /signals, /providers, /scanner, /proof, /billing, /telegram, /ai
2026-03-26 19:21:53: GET / → 500 (8ms)
2026-03-26 19:22:52: [db] connected — Thu Mar 26 2026 19:22:52 GMT+0000 (Coordinated Universal Time)
2026-03-26 19:22:52: [api] agoraiq-signals-api v3.0.0 on 127.0.0.1:4300
2026-03-26 19:22:52: [api] routes: /auth, /signals, /providers, /scanner, /proof, /billing, /telegram, /ai
2026-03-26 19:22:54: GET / → 500 (8ms)
2026-03-26 19:23:27: [db] connected — Thu Mar 26 2026 19:23:27 GMT+0000 (Coordinated Universal Time)
2026-03-26 19:23:27: [api] agoraiq-signals-api v3.0.0 on 127.0.0.1:4300
2026-03-26 19:23:27: [api] routes: /auth, /signals, /providers, /scanner, /proof, /billing, /telegram, /ai
2026-03-26 19:23:29: GET / → 500 (8ms)
2026-03-26 19:23:58: [db] connected — Thu Mar 26 2026 19:23:58 GMT+0000 (Coordinated Universal Time)
2026-03-26 19:23:58: [api] agoraiq-signals-api v3.0.0 on 127.0.0.1:4300
2026-03-26 19:23:58: [api] routes: /auth, /signals, /providers, /scanner, /proof, /billing, /telegram, /ai
2026-03-26 19:24:00: GET / → 500 (8ms)
2026-03-26 19:26:48: [db] connected — Thu Mar 26 2026 19:26:48 GMT+0000 (Coordinated Universal Time)
2026-03-26 19:26:48: [db] connected — Thu Mar 26 2026 19:26:48 GMT+0000 (Coordinated Universal Time)
2026-03-26 19:26:48: [db] connected — Thu Mar 26 2026 19:26:48 GMT+0000 (Coordinated Universal Time)
2026-03-26 19:26:48: [db] connected — Thu Mar 26 2026 19:26:48 GMT+0000 (Coordinated Universal Time)
2026-03-26 19:26:48: [db] connected — Thu Mar 26 2026 19:26:48 GMT+0000 (Coordinated Universal Time)
2026-03-26 19:26:48: [db] connected — Thu Mar 26 2026 19:26:48 GMT+0000 (Coordinated Universal Time)
2026-03-26 19:26:48: [db] connected — Thu Mar 26 2026 19:26:48 GMT+0000 (Coordinated Universal Time)
2026-03-26 19:26:49: [db] connected — Thu Mar 26 2026 19:26:49 GMT+0000 (Coordinated Universal Time)
2026-03-26 19:26:49: [db] connected — Thu Mar 26 2026 19:26:49 GMT+0000 (Coordinated Universal Time)
2026-03-26 19:26:49: [db] connected — Thu Mar 26 2026 19:26:49 GMT+0000 (Coordinated Universal Time)
2026-03-26 19:26:49: [db] connected — Thu Mar 26 2026 19:26:49 GMT+0000 (Coordinated Universal Time)
2026-03-26 19:26:49: [db] connected — Thu Mar 26 2026 19:26:49 GMT+0000 (Coordinated Universal Time)
2026-03-26 19:26:49: [db] connected — Thu Mar 26 2026 19:26:49 GMT+0000 (Coordinated Universal Time)
2026-03-26 19:26:49: [db] connected — Thu Mar 26 2026 19:26:49 GMT+0000 (Coordinated Universal Time)
2026-03-26 19:26:50: [db] connected — Thu Mar 26 2026 19:26:50 GMT+0000 (Coordinated Universal Time)
2026-03-26 19:26:50: [db] connected — Thu Mar 26 2026 19:26:50 GMT+0000 (Coordinated Universal Time)
2026-03-26 19:29:56: [db] connected — Thu Mar 26 2026 19:29:56 GMT+0000 (Coordinated Universal Time)
2026-03-26 19:29:56: [api] agoraiq-signals-api v3.0.0 on 127.0.0.1:4300
2026-03-26 19:29:56: [api] routes: /auth, /signals, /providers, /scanner, /proof, /billing, /telegram, /ai
2026-03-26 19:29:57: GET / → 200 (3ms)
2026-03-26 19:30:06: GET / → 200 (23ms)
2026-03-26 19:30:15: GET /top → 200 (2608ms)
2026-03-26 19:30:18: GET /user/stats → 200 (3ms)
2026-03-26 19:30:18: GET /user → 200 (2ms)
2026-03-26 19:30:23: GET /top → 304 (1ms)
2026-03-26 19:30:25: GET /stats → 304 (2ms)
2026-03-26 19:30:25: GET /recent → 200 (6ms)
2026-03-26 19:30:27: GET / → 500 (2ms)
2026-03-26 19:30:29: GET /status → 304 (6ms)
2026-03-26 19:30:34: GET / → 500 (5ms)
2026-03-26 19:37:08: GET /status → 304 (6ms)
2026-03-26 19:47:00: POST /api/v1/ai/provider-iq → 404 (0ms)
2026-03-26 20:07:08: POST /api/v1/ai/provider-iq → 404 (1ms)
2026-03-26 20:07:17: POST /api/v1/ai/provider-iq → 404 (0ms)
2026-03-26 20:07:53: POST /api/v1/ai/provider-iq → 404 (0ms)
2026-03-26 20:09:08: GET / → 200 (7ms)
2026-03-26 20:14:06: GET /user → 304 (5ms)
2026-03-26 20:14:06: GET /user/stats → 304 (8ms)
2026-03-26 20:17:41: GET / → 200 (5ms)
2026-03-26 20:36:19: GET / → 304 (6ms)
2026-03-26 20:48:51: GET / → 304 (6ms)
2026-03-26 20:49:00: GET /top → 200 (2664ms)
2026-03-26 20:49:02: GET /user/stats → 304 (4ms)
2026-03-26 20:49:02: GET /user → 304 (5ms)
2026-03-26 20:49:05: GET /stats → 304 (1ms)
2026-03-26 20:49:05: GET /recent → 200 (2ms)
2026-03-26 20:49:27: GET / → 304 (2ms)
2026-03-26 20:57:40: GET / → 200 (6ms)
2026-03-26 21:00:04: GET / → 200 (5ms)
2026-03-26 21:11:50: GET / → 200 (6ms)
2026-03-26 21:11:53: GET / → 200 (2ms)
2026-03-26 21:11:58: GET /top → 200 (2630ms)
2026-03-26 21:12:00: GET /top → 200 (1ms)
2026-03-26 21:12:04: GET / → 304 (2ms)
2026-03-26 21:12:07: GET / → 200 (2ms)
2026-03-26 21:12:56: GET / → 200 (6ms)
2026-03-26 21:14:38: GET / → 200 (6ms)
2026-03-26 21:14:50: GET /top → 304 (0ms)
2026-03-26 21:14:54: GET / → 304 (2ms)
2026-03-26 21:16:34: GET / → 200 (6ms)
2026-03-26 21:16:38: GET / → 200 (2ms)
2026-03-26 21:16:41: GET /top → 304 (1ms)
2026-03-26 21:17:58: GET / → 200 (6ms)
2026-03-26 21:18:00: GET / → 200 (2ms)
2026-03-26 21:18:05: GET / → 200 (2ms)
2026-03-26 21:20:48: GET / → 200 (6ms)
2026-03-26 21:24:15: GET / → 200 (6ms)
2026-03-26 21:24:18: GET / → 200 (2ms)
2026-03-26 21:24:38: GET /top → 200 (2577ms)
2026-03-26 21:24:41: GET /user/stats → 304 (5ms)
2026-03-26 21:24:41: GET /user → 304 (5ms)
2026-03-26 21:26:06: GET /user → 200 (5ms)
2026-03-26 21:26:06: GET /user/stats → 200 (8ms)
2026-03-26 21:26:14: GET / → 304 (1ms)
2026-03-26 21:26:28: GET /top → 304 (1ms)
2026-03-26 21:26:30: GET /user/stats → 304 (2ms)
2026-03-26 21:26:30: GET /user → 304 (1ms)
2026-03-26 21:26:33: GET /top → 304 (1ms)
2026-03-26 21:26:36: GET /stats → 304 (1ms)
2026-03-26 21:26:36: GET /recent → 304 (1ms)
2026-03-26 21:26:44: GET /status → 304 (1ms)
2026-03-26 21:28:58: GET /status → 200 (4ms)
2026-03-26 21:33:15: GET /status → 200 (4ms)
2026-03-26 21:34:05: GET /stats → 304 (5ms)
2026-03-26 21:34:05: GET /recent → 304 (6ms)
2026-03-26 21:34:41: GET / → 304 (6ms)
2026-03-26 21:36:05: GET / → 200 (5ms)
2026-03-26 21:36:10: GET / → 200 (2ms)
2026-03-26 21:36:22: GET / → 304 (2ms)
2026-03-26 21:36:27: GET /top → 200 (2540ms)
2026-03-26 21:36:32: GET /user → 304 (2ms)
2026-03-26 21:36:32: GET /user/stats → 304 (3ms)
2026-03-26 21:36:40: GET /top → 304 (1ms)
2026-03-26 21:44:47: GET / → 304 (6ms)
2026-03-26 21:45:28: GET / → 304 (6ms)
2026-03-26 21:45:44: GET / → 304 (2ms)
2026-03-26 21:45:55: GET / → 200 (2ms)
2026-03-26 21:50:17: [db] connected — Thu Mar 26 2026 21:50:17 GMT+0000 (Coordinated Universal Time)
2026-03-26 21:50:17: [api] agoraiq-signals-api v3.0.0 on 127.0.0.1:4300
2026-03-26 21:50:17: [api] routes: /auth, /signals, /providers, /scanner, /proof, /billing, /telegram, /ai
2026-03-26 21:52:10: GET / → 200 (31ms)
2026-03-26 21:52:27: GET / → 200 (1ms)
2026-03-26 22:01:59: GET / → 200 (7ms)
2026-03-26 22:03:47: GET / → 200 (5ms)
2026-03-26 22:04:01: GET / → 200 (1ms)
2026-03-26 22:07:48: GET / → 200 (5ms)
2026-03-26 22:08:41: GET / → 200 (6ms)
2026-03-26 22:15:07: GET / → 200 (5ms)
2026-03-26 22:16:11: POST /telegram-auth → 404 (5ms)
2026-03-26 22:16:11: GET / → 200 (1ms)
2026-03-26 22:19:01: GET / → 200 (7ms)
2026-03-26 22:19:17: POST /telegram-auth → 404 (1ms)
2026-03-26 22:19:17: GET / → 200 (0ms)
2026-03-26 22:26:48: POST /telegram-auth → 200 (7ms)
2026-03-26 22:26:48: GET / → 200 (1ms)
2026-03-26 22:27:03: GET / → 200 (2ms)
2026-03-26 22:27:25: GET /overview → 200 (2520ms)
2026-03-26 22:27:30: GET /top → 200 (2ms)
2026-03-26 22:27:41: GET /stats → 200 (6ms)
2026-03-26 22:28:28: GET /top → 200 (1ms)
2026-03-26 22:28:31: GET / → 200 (7ms)
2026-03-26 22:29:19: GET /me → 200 (6ms)
2026-03-26 22:29:25: GET /breakouts → 200 (1ms)
2026-03-26 22:29:31: GET /recent → 200 (2ms)
2026-03-26 22:29:42: GET /momentum → 200 (1ms)
2026-03-26 22:48:18: GET / → 200 (7ms)
2026-03-26 22:48:24: GET /top → 200 (2595ms)
2026-03-26 22:48:27: GET /momentum → 200 (1ms)
2026-03-26 22:48:32: GET /volume → 200 (1ms)
2026-03-26 22:48:36: GET /oi → 200 (1ms)
2026-03-26 22:48:38: GET /funding → 304 (208ms)
2026-03-26 22:48:42: GET /top → 304 (1ms)
2026-03-26 22:49:05: GET /user → 200 (1ms)
2026-03-26 22:49:05: GET /user/stats → 200 (8ms)
2026-03-26 22:49:12: GET /user → 200 (1ms)
2026-03-26 22:49:12: GET /user/stats → 200 (4ms)
2026-03-26 22:49:15: GET / → 304 (2ms)
2026-03-26 22:49:30: GET /user → 304 (0ms)
2026-03-26 22:49:30: GET /user/stats → 304 (3ms)
2026-03-26 22:50:34: GET /user → 304 (4ms)
2026-03-26 22:50:34: GET /user/stats → 304 (7ms)
2026-03-26 22:51:19: GET /user → 304 (5ms)
2026-03-26 22:51:19: GET /user/stats → 304 (7ms)
2026-03-26 22:51:24: POST /submit → 201 (473ms)
2026-03-26 22:51:25: GET /user → 200 (2ms)
2026-03-26 22:51:25: GET /user/stats → 200 (4ms)
2026-03-26 22:52:52: POST /telegram-auth → 200 (6ms)
2026-03-26 22:54:28: GET /me → 200 (7ms)
2026-03-26 22:54:33: GET /me → 200 (1ms)
2026-03-26 22:54:39: GET / → 200 (6ms)
2026-03-26 22:55:02: GET / → 200 (2ms)
2026-03-26 22:57:55: GET / → 200 (6ms)
2026-03-26 23:04:00: GET / → 200 (6ms)
2026-03-26 23:04:05: GET / → 200 (2ms)
2026-03-26 23:07:53: GET / → 200 (6ms)
2026-03-26 23:07:57: GET /top → 200 (2601ms)
2026-03-26 23:08:00: GET /recent → 200 (1ms)
2026-03-26 23:08:00: GET /stats → 200 (5ms)
2026-03-26 23:10:28: GET /status → 200 (6ms)
2026-03-26 23:11:29: GET / → 200 (6ms)
2026-03-26 23:12:02: GET /user/stats → 304 (8ms)
2026-03-26 23:12:02: GET /user → 304 (5ms)
2026-03-26 23:12:25: POST /telegram-auth → 200 (2ms)
2026-03-26 23:12:44: POST /submit → 201 (172ms)
2026-03-26 23:12:58: GET /user/stats → 200 (3ms)
2026-03-26 23:12:58: GET /user → 200 (5ms)
2026-03-27 01:18:55: GET /user → 304 (5ms)
2026-03-27 01:18:55: GET /user/stats → 304 (8ms)
2026-03-27 01:19:55: GET / → 200 (5ms)
2026-03-27 01:27:17: GET /top → 200 (2516ms)
2026-03-27 01:27:19: GET /user → 304 (5ms)
2026-03-27 01:27:19: GET /user/stats → 304 (6ms)
2026-03-27 01:27:27: GET /top → 304 (1ms)
2026-03-27 01:27:30: GET /stats → 304 (1ms)
2026-03-27 01:27:30: GET /recent → 200 (1ms)
2026-03-27 01:28:07: GET /api/v1/watchlist/check/343 → 404 (1ms)
2026-03-27 01:28:24: GET /top → 304 (1ms)
2026-03-27 01:28:25: GET /stats → 304 (5ms)
2026-03-27 01:28:25: GET /recent → 304 (4ms)
2026-03-27 01:28:29: GET /status → 304 (2ms)
2026-03-27 01:29:41: GET /status → 304 (6ms)
2026-03-27 01:32:28: GET /status → 200 (5ms)
2026-03-27 01:35:08: GET /status → 304 (6ms)
2026-03-27 01:36:03: GET /status → 200 (5ms)
2026-03-27 01:36:12: GET /status → 304 (1ms)
2026-03-27 01:36:21: GET / → 200 (2ms)
2026-03-27 01:37:00: GET /top → 200 (2618ms)
2026-03-27 01:37:57: GET /momentum → 200 (1ms)
2026-03-27 01:37:59: GET /volume → 200 (0ms)
2026-03-27 01:38:00: GET /funding → 304 (235ms)
2026-03-27 01:38:01: GET /top → 304 (1ms)
2026-03-27 01:38:04: GET /user/stats → 304 (3ms)
2026-03-27 01:38:04: GET /user → 304 (5ms)
2026-03-27 01:38:05: GET /status → 304 (2ms)
2026-03-27 03:26:16: GET / → 200 (6ms)
2026-03-27 03:27:15: POST /portal → 404 (5ms)
2026-03-27 03:27:46: GET /status → 304 (5ms)
2026-03-27 03:44:51: GET / → 200 (6ms)
2026-03-27 03:44:57: GET / → 200 (1ms)
2026-03-27 03:45:15: GET /top → 200 (2574ms)
2026-03-27 03:53:01: GET /top → 200 (2584ms)
2026-03-27 03:53:04: GET / → 200 (8ms)
2026-03-27 03:55:25: GET / → 200 (5ms)
2026-03-27 03:55:28: GET / → 200 (2ms)
2026-03-27 03:56:58: GET / → 200 (6ms)
2026-03-27 03:58:40: GET / → 200 (6ms)
2026-03-27 03:58:42: GET / → 200 (2ms)
2026-03-27 03:59:03: GET / → 200 (1ms)
2026-03-27 04:03:39: GET / → 200 (6ms)
2026-03-27 04:06:06: GET / → 200 (5ms)
2026-03-27 04:06:37: GET / → 200 (5ms)
2026-03-27 04:08:06: GET / → 200 (6ms)
2026-03-27 04:08:28: GET /top → 200 (2693ms)
2026-03-27 04:08:30: GET /top → 200 (1ms)
2026-03-27 04:08:35: GET /user/stats → 304 (4ms)
2026-03-27 04:08:35: GET /user → 304 (5ms)
2026-03-27 04:08:38: GET /stats → 304 (1ms)
2026-03-27 04:08:38: GET /recent → 200 (2ms)
2026-03-27 04:08:44: GET /status → 304 (2ms)
2026-03-27 04:08:59: GET /top → 304 (1ms)
2026-03-27 04:09:04: GET /momentum → 200 (1ms)
2026-03-27 04:09:05: GET /volume → 200 (0ms)
2026-03-27 04:09:06: GET /oi → 200 (1ms)
2026-03-27 04:09:07: GET / → 304 (2ms)
2026-03-27 13:01:10: GET /status → 200 (5ms)
2026-03-27 15:43:19: GET / → 200 (7ms)
2026-03-27 15:43:37: GET /top → 200 (2567ms)
2026-03-27 15:43:44: GET / → 304 (2ms)
2026-03-27 15:43:46: GET /top → 304 (1ms)
2026-03-27 15:43:49: GET /momentum → 200 (1ms)
2026-03-27 15:43:53: GET /top → 304 (1ms)
2026-03-27 15:44:12: GET /user → 304 (1ms)
2026-03-27 15:44:12: GET /user/stats → 304 (7ms)
2026-03-27 16:23:42: [db] connected — Fri Mar 27 2026 16:23:42 GMT+0000 (Coordinated Universal Time)
2026-03-27 16:23:42: [api] agoraiq-signals-api v3.0.0 on 127.0.0.1:4300
2026-03-27 16:23:42: [api] routes: /auth, /signals, /providers, /scanner, /proof, /billing, /telegram, /ai
2026-03-27 16:24:09: POST /telegram-auth → 200 (26ms)
2026-03-27 16:24:09: GET / → 200 (1ms)
2026-03-27 16:24:31: GET / → 200 (3ms)
2026-03-27 16:24:39: GET /top → 200 (2600ms)
2026-03-27 16:24:42: GET /user/stats → 200 (4ms)
2026-03-27 16:24:42: GET /user → 200 (1ms)
2026-03-27 16:24:45: GET /stats → 304 (1ms)
2026-03-27 16:24:45: GET /recent → 200 (2ms)
2026-03-27 16:24:59: GET /status → 304 (2ms)
2026-03-27 16:27:18: GET / → 200 (7ms)
2026-03-27 16:27:23: GET /status → 304 (2ms)
2026-03-27 16:27:28: GET /status → 200 (2ms)
2026-03-27 16:46:00: GET / → 200 (7ms)
2026-03-27 16:46:04: GET /status → 304 (1ms)
2026-03-27 16:47:05: GET /status → 200 (5ms)
2026-03-27 16:53:57: GET /status → 200 (5ms)
2026-03-27 16:54:21: POST /portal → 404 (1ms)
2026-03-27 16:57:01: [db] connected — Fri Mar 27 2026 16:57:01 GMT+0000 (Coordinated Universal Time)
2026-03-27 16:57:01: [api] agoraiq-signals-api v3.0.0 on 127.0.0.1:4300
2026-03-27 16:57:01: [api] routes: /auth, /signals, /providers, /scanner, /proof, /billing, /telegram, /ai
2026-03-27 16:57:10: GET /status → 200 (5ms)
2026-03-27 16:57:13: POST /portal → 200 (735ms)
2026-03-27 16:58:48: GET / → 200 (29ms)
2026-03-27 17:07:50: GET /status → 304 (5ms)
2026-03-27 17:07:54: POST /checkout → 500 (248ms)
2026-03-27 18:24:07: POST /checkout → 500 (251ms)
2026-03-27 18:49:07: [db] connected — Fri Mar 27 2026 18:49:07 GMT+0000 (Coordinated Universal Time)
2026-03-27 18:49:07: [api] agoraiq-signals-api v3.0.0 on 127.0.0.1:4300
2026-03-27 18:49:07: [api] routes: /auth, /signals, /providers, /scanner, /proof, /billing, /telegram, /ai
2026-03-27 18:51:44: POST /checkout → 500 (300ms)
2026-03-27 18:51:48: GET /status → 200 (2ms)
2026-03-27 18:51:51: POST /checkout → 500 (174ms)
2026-03-27 18:54:08: [db] connected — Fri Mar 27 2026 18:54:08 GMT+0000 (Coordinated Universal Time)
2026-03-27 18:54:08: [api] agoraiq-signals-api v3.0.0 on 127.0.0.1:4300
2026-03-27 18:54:08: [api] routes: /auth, /signals, /providers, /scanner, /proof, /billing, /telegram, /ai
2026-03-27 18:55:18: [db] connected — Fri Mar 27 2026 18:55:18 GMT+0000 (Coordinated Universal Time)
2026-03-27 18:55:18: [api] agoraiq-signals-api v3.0.0 on 127.0.0.1:4300
2026-03-27 18:55:18: [api] routes: /auth, /signals, /providers, /scanner, /proof, /billing, /telegram, /ai
2026-03-27 18:56:17: POST /checkout → 500 (288ms)
2026-03-27 18:56:20: GET /status → 200 (2ms)
2026-03-27 18:56:23: POST /checkout → 500 (160ms)
2026-03-27 18:56:37: GET /status → 200 (2ms)
2026-03-27 18:56:40: POST /checkout → 500 (151ms)
2026-03-27 18:58:10: GET /status → 200 (6ms)
2026-03-27 18:58:14: POST /checkout → 200 (828ms)
2026-03-27 18:59:48: POST /checkout → 200 (479ms)
2026-03-27 19:02:43: [stripe] activated pro for bot_user 1
2026-03-27 19:02:45: GET /status → 200 (2ms)
2026-03-27 19:03:12: POST /checkout → 200 (488ms)
2026-03-27 19:45:14: GET / → 200 (6ms)
2026-03-27 19:53:15: GET / → 200 (8ms)
2026-03-27 19:53:27: GET /top → 200 (2537ms)
2026-03-27 19:53:51: GET /stats → 304 (6ms)
2026-03-27 19:53:51: GET /recent → 200 (6ms)
2026-03-27 19:54:03: GET /stats → 304 (0ms)
2026-03-27 19:54:03: GET /recent → 304 (2ms)
2026-03-27 19:55:21: POST /telegram-auth → 200 (6ms)
2026-03-27 19:55:21: GET /me → 200 (1ms)
2026-03-27 19:55:32: GET / → 200 (1ms)
2026-03-27 19:55:53: GET / → 304 (2ms)
2026-03-27 19:56:41: GET /top → 304 (1ms)
2026-03-27 20:04:27: GET /status → 200 (5ms)
2026-03-27 20:04:34: GET /status → 304 (1ms)
